<?xml version="1.0" encoding="UTF-8"?>
<testsuite name="AppTest" tests="1" skipped="0" failures="0" errors="0" timestamp="2017-08-10T18:40:22" hostname="Vageeshs-MacBook-Pro.local" time="0.002">
  <properties/>
  <testcase name="testAppHasAGreeting" classname="AppTest" time="0.002"/>
  <system-out><![CDATA[]]></system-out>
  <system-err><![CDATA[]]></system-err>
</testsuite>
